<?xml version="1.0" encoding="UTF-8"?>
<!-- Generated by org.testng.reporters.JUnitReportReporter -->
<testsuite hostname="LAPTOP-D53S7NRA" failures="0" tests="4" name="Testcases.homepagetest" time="84.546" errors="0" timestamp="2023-07-13T17:10:20 CDT" skipped="0">
  <testcase classname="Testcases.homepagetest" name="myaccountlabelverification" time="16.486"/>
  <testcase classname="Testcases.homepagetest" name="registerpagelabelverification" time="15.243"/>
  <testcase classname="Testcases.homepagetest" name="registerpagevalidation" time="35.067"/>
  <testcase classname="Testcases.homepagetest" name="loginrpagevalidation" time="17.750"/>
</testsuite> <!-- Testcases.homepagetest -->
